Android/qr/build/intermediates/manifest_merge_blame_file/release/manifest-merger-blame-release-report.txt
1<?xml version="1.0" encoding="utf-8"?>
2<!--
3 Copyright (C) 2008 ZXing authors
4
5 Licensed under the Apache License, Version 2.0 (the "License");
6 you may not use this file except in compliance with the License.
7 You may obtain a copy of the License at
8
9      http://www.apache.org/licenses/LICENSE-2.0
10
11 Unless required by applicable law or agreed to in writing, software
12 distributed under the License is distributed on an "AS IS" BASIS,
13 WITHOUT WARRANTIES OR CONDITIONS OF ANY KIND, either express or implied.
14 See the License for the specific language governing permissions and
15 limitations under the License.
16-->
17<manifest xmlns:android="http://schemas.android.com/apk/res/android"
18    package="com.google.zxing.client.android" >
19
20    <uses-sdk
21        android:minSdkVersion="19"
21-->easy-gbd/qr/AndroidManifest.xml
22        android:targetSdkVersion="19" />
22-->easy-gbd/qr/AndroidManifest.xml
23
24    <uses-permission android:name="android.permission.CAMERA" />
24-->easy-gbd/qr/AndroidManifest.xml:19:3-62
24-->easy-gbd/qr/AndroidManifest.xml:19:20-60
25
26    <!-- Don't require camera, as this requires a rear camera. This allows it to work on the Nexus 7 -->
27    <uses-feature
27-->easy-gbd/qr/AndroidManifest.xml:22:3-82
28        android:name="android.hardware.camera"
28-->easy-gbd/qr/AndroidManifest.xml:22:17-55
29        android:required="false" />
29-->easy-gbd/qr/AndroidManifest.xml:22:56-80
30    <uses-feature
30-->easy-gbd/qr/AndroidManifest.xml:23:3-88
31        android:name="android.hardware.camera.front"
31-->easy-gbd/qr/AndroidManifest.xml:23:17-61
32        android:required="false" />
32-->easy-gbd/qr/AndroidManifest.xml:23:62-86
33    <uses-feature
33-->easy-gbd/qr/AndroidManifest.xml:24:3-92
34        android:name="android.hardware.camera.autofocus"
34-->easy-gbd/qr/AndroidManifest.xml:24:17-65
35        android:required="false" />
35-->easy-gbd/qr/AndroidManifest.xml:24:66-90
36    <uses-feature
36-->easy-gbd/qr/AndroidManifest.xml:25:3-88
37        android:name="android.hardware.camera.flash"
37-->easy-gbd/qr/AndroidManifest.xml:25:17-61
38        android:required="false" />
38-->easy-gbd/qr/AndroidManifest.xml:25:62-86
39    <uses-feature
39-->easy-gbd/qr/AndroidManifest.xml:26:3-93
40        android:name="android.hardware.screen.landscape"
40-->easy-gbd/qr/AndroidManifest.xml:26:17-65
41        android:required="false" />
41-->easy-gbd/qr/AndroidManifest.xml:26:66-90
42    <uses-feature
42-->easy-gbd/qr/AndroidManifest.xml:27:3-80
43        android:name="android.hardware.wifi"
43-->easy-gbd/qr/AndroidManifest.xml:27:17-53
44        android:required="false" />
44-->easy-gbd/qr/AndroidManifest.xml:27:54-78
45
46    <application>
46-->easy-gbd/qr/AndroidManifest.xml:29:3-37:17
47        <activity
47-->easy-gbd/qr/AndroidManifest.xml:30:11-36:13
48            android:name="com.journeyapps.barcodescanner.CaptureActivity"
48-->easy-gbd/qr/AndroidManifest.xml:31:11-72
49            android:clearTaskOnLaunch="true"
49-->easy-gbd/qr/AndroidManifest.xml:32:11-43
50            android:screenOrientation="portrait"
50-->easy-gbd/qr/AndroidManifest.xml:33:11-47
51            android:stateNotNeeded="true"
51-->easy-gbd/qr/AndroidManifest.xml:34:11-40
52            android:windowSoftInputMode="stateAlwaysHidden" />
52-->easy-gbd/qr/AndroidManifest.xml:35:11-58
53    </application>
54
55</manifest>